<?xml version="1.0" encoding="UTF-8"?>
<!-- Generated by org.testng.reporters.JUnitXMLReporter -->
<testsuite hostname="AbottsVAIO" name="Default test" tests="4" failures="0" timestamp="13 Jun 2020 18:35:44 GMT" time="0.03" errors="0">
  <testcase name="TC_Login_01" time="0.008" classname="Demo_TestNG.Demo_TestNG.TC_Login"/>
  <testcase name="TC_Login_02" time="0.001" classname="Demo_TestNG.Demo_TestNG.TC_Login"/>
  <testcase name="TC_Login_03" time="0.003" classname="Demo_TestNG.Demo_TestNG.TC_Login"/>
  <testcase name="TC_Login_04" time="0.001" classname="Demo_TestNG.Demo_TestNG.TC_Login"/>
</testsuite> <!-- Default test -->
