<?xml version="1.0" encoding="UTF-8"?>
<!-- Generated by org.testng.reporters.JUnitXMLReporter -->
<testsuite hostname="AbottsVAIO" ignored="1" name="Home_Test" tests="1" failures="0" timestamp="13 Jun 2020 20:04:41 GMT" time="0.033" errors="0">
  <testcase name="TC_Home_01" time="0.011" classname="Demo_TestNG.Demo_TestNG.TC_Home_Group"/>
  <testcase name="TC_Home_02" time="0.0" classname="Demo_TestNG.Demo_TestNG.TC_Home_Group">
    <ignored/>
  </testcase> <!-- TC_Home_02 -->
</testsuite> <!-- Home_Test -->
