<?xml version="1.0" encoding="UTF-8"?>
<testng-results skipped="0" failed="0" ignored="4" total="6" passed="2">
  <reporter-output>
  </reporter-output>
  <suite name="Sanity_Suite" duration-ms="66" started-at="2020-06-13T20:04:41Z" finished-at="2020-06-13T20:04:41Z">
    <groups>
      <group name="Sanity">
        <method signature="TC_Home_Group.TC_Home_01()[pri:0, instance:Demo_TestNG.Demo_TestNG.TC_Home_Group@3bc69ce9]" name="TC_Home_01" class="Demo_TestNG.Demo_TestNG.TC_Home_Group"/>
        <method signature="TC_Login_Group.TC_Login_01()[pri:0, instance:Demo_TestNG.Demo_TestNG.TC_Login_Group@3c232051]" name="TC_Login_01" class="Demo_TestNG.Demo_TestNG.TC_Login_Group"/>
      </group> <!-- Sanity -->
    </groups>
    <test name="Home_Test" duration-ms="33" started-at="2020-06-13T20:04:41Z" finished-at="2020-06-13T20:04:41Z">
      <class name="Demo_TestNG.Demo_TestNG.TC_Home_Group">
        <test-method status="PASS" signature="TC_Home_01()[pri:0, instance:Demo_TestNG.Demo_TestNG.TC_Home_Group@3bc69ce9]" name="TC_Home_01" duration-ms="11" started-at="2020-06-13T13:04:41Z" finished-at="2020-06-13T13:04:41Z">
          <reporter-output>
          </reporter-output>
        </test-method> <!-- TC_Home_01 -->
      </class> <!-- Demo_TestNG.Demo_TestNG.TC_Home_Group -->
    </test> <!-- Home_Test -->
    <test name="Login_Test" duration-ms="4" started-at="2020-06-13T20:04:41Z" finished-at="2020-06-13T20:04:41Z">
      <class name="Demo_TestNG.Demo_TestNG.TC_Login_Group">
        <test-method status="PASS" signature="TC_Login_01()[pri:0, instance:Demo_TestNG.Demo_TestNG.TC_Login_Group@3c232051]" name="TC_Login_01" duration-ms="2" started-at="2020-06-13T13:04:41Z" finished-at="2020-06-13T13:04:41Z">
          <reporter-output>
          </reporter-output>
        </test-method> <!-- TC_Login_01 -->
      </class> <!-- Demo_TestNG.Demo_TestNG.TC_Login_Group -->
    </test> <!-- Login_Test -->
  </suite> <!-- Sanity_Suite -->
</testng-results>
